<?xml version="1.0" encoding="UTF-8"?>
<!-- Generated by org.testng.reporters.JUnitReportReporter -->
<testsuite hostname="EC2AMAZ-S11DBRH" failures="0" tests="3" name="TestScript.PlaceOrderTest" time="0.408" errors="0" timestamp="2023-12-14T07:00:48 GMT" skipped="0">
  <testcase classname="TestScript.PlaceOrderTest" name="validLogin" time="0.066"/>
  <system-out/>
  <testcase classname="TestScript.PlaceOrderTest" name="addItem" time="0.264"/>
  <system-out/>
  <testcase classname="TestScript.PlaceOrderTest" name="checkoutTest" time="0.078"/>
  <system-out/>
</testsuite> <!-- TestScript.PlaceOrderTest -->
